<?xml version="1.0" encoding="UTF-8"?>
<!-- Generated by org.testng.reporters.JUnitReportReporter -->
<testsuite ignored="0" hostname="LAPTOP-HE7823DA" failures="0" tests="1" name="com.Learnautomation.testcases.LoginTest" time="10.776" errors="0" timestamp="02 Sep 2020 11:19:48 GMT" skipped="0">
  <testcase classname="com.Learnautomation.testcases.LoginTest" name="test1" time="10.776"/>
</testsuite> <!-- com.Learnautomation.testcases.LoginTest -->
