<?xml version="1.0" encoding="UTF-8"?>
<!-- Generated by org.testng.reporters.JUnitReportReporter -->
<testsuite ignored="0" hostname="LAPTOP-HE7823DA" failures="0" tests="1" name="com.Learnautomation.testcases.TestcasewithotFramework" time="11.690" errors="0" timestamp="31 Aug 2020 11:23:04 GMT" skipped="0">
  <testcase classname="com.Learnautomation.testcases.TestcasewithotFramework" name="test1" time="11.690"/>
</testsuite> <!-- com.Learnautomation.testcases.TestcasewithotFramework -->
